# JRE version: OpenJDK Runtime Environment Temurin-21.0.10+7 (21.0.10+7) (build 21.0.10+7-LTS)
# Java VM: OpenJDK 64-Bit Server VM Temurin-21.0.10+7 (21.0.10+7-LTS, mixed mode, sharing, tiered, compressed oops, compressed class ptrs, parallel gc, windows-amd64)
GC Precious Log:
 CardTable entry size: 512
 CPUs: 16 total, 16 available
 Memory: 16068M
 Large Page Support: Disabled
 NUMA Support: Disabled
 Compressed Oops: Enabled (32-bit)
 Alignments: Space 512K, Generation 512K, Heap 2M
 Heap Min Capacity: 100M
 Heap Initial Capacity: 100M
 Heap Max Capacity: 2G
 Pre-touch: Disabled
 Parallel Workers: 13
Heap:
 PSYoungGen      total 22016K, used 11806K [0x00000000d5580000, 0x00000000d6d80000, 0x0000000100000000)
  eden space 20992K, 53% used [0x00000000d5580000,0x00000000d606fae8,0x00000000d6a00000)
  from space 1024K, 59% used [0x00000000d6b00000,0x00000000d6b98000,0x00000000d6c00000)
  to   space 1024K, 0% used [0x00000000d6c80000,0x00000000d6c80000,0x00000000d6d80000)
 ParOldGen       total 71168K, used 70657K [0x0000000080000000, 0x0000000084580000, 0x00000000d5580000)
  object space 71168K, 99% used [0x0000000080000000,0x00000000845004b0,0x0000000084580000)
 Metaspace       used 78547K, committed 80192K, reserved 1179648K
  class space    used 9585K, committed 10304K, reserved 1048576K
GC Heap History (20 events):
Event: 6885.057 GC heap before
{Heap before GC invocations=53 (full 3):
 PSYoungGen      total 23040K, used 23008K [0x00000000d5580000, 0x00000000d7180000, 0x0000000100000000)
  eden space 22016K, 100% used [0x00000000d5580000,0x00000000d6b00000,0x00000000d6b00000)
  from space 1024K, 96% used [0x00000000d7000000,0x00000000d70f8030,0x00000000d7100000)
  to   space 512K, 0% used [0x00000000d7100000,0x00000000d7100000,0x00000000d7180000)
 ParOldGen       total 68608K, used 54157K [0x0000000080000000, 0x0000000084300000, 0x00000000d5580000)
  object space 68608K, 78% used [0x0000000080000000,0x00000000834e3738,0x0000000084300000)
 Metaspace       used 72309K, committed 73856K, reserved 1114112K
  class space    used 8996K, committed 9664K, reserved 1048576K
}
Event: 6885.060 GC heap after
{Heap after GC invocations=53 (full 3):
 PSYoungGen      total 22528K, used 480K [0x00000000d5580000, 0x00000000d7200000, 0x0000000100000000)
  eden space 22016K, 0% used [0x00000000d5580000,0x00000000d5580000,0x00000000d6b00000)
  from space 512K, 93% used [0x00000000d7100000,0x00000000d7178010,0x00000000d7180000)
  to   space 3584K, 0% used [0x00000000d6b00000,0x00000000d6b00000,0x00000000d6e80000)
 ParOldGen       total 68608K, used 56847K [0x0000000080000000, 0x0000000084300000, 0x00000000d5580000)
  object space 68608K, 82% used [0x0000000080000000,0x0000000083783f78,0x0000000084300000)
 Metaspace       used 72309K, committed 73856K, reserved 1114112K
  class space    used 8996K, committed 9664K, reserved 1048576K
}
Event: 6885.108 GC heap before
{Heap before GC invocations=54 (full 3):
 PSYoungGen      total 22528K, used 22496K [0x00000000d5580000, 0x00000000d7200000, 0x0000000100000000)
  eden space 22016K, 100% used [0x00000000d5580000,0x00000000d6b00000,0x00000000d6b00000)
  from space 512K, 93% used [0x00000000d7100000,0x00000000d7178010,0x00000000d7180000)
  to   space 3584K, 0% used [0x00000000d6b00000,0x00000000d6b00000,0x00000000d6e80000)
 ParOldGen       total 68608K, used 56847K [0x0000000080000000, 0x0000000084300000, 0x00000000d5580000)
  object space 68608K, 82% used [0x0000000080000000,0x0000000083783f78,0x0000000084300000)
 Metaspace       used 72319K, committed 73856K, reserved 1114112K
  class space    used 8996K, committed 9664K, reserved 1048576K
}
Event: 6885.112 GC heap after
{Heap after GC invocations=54 (full 3):
 PSYoungGen      total 25600K, used 2272K [0x00000000d5580000, 0x00000000d7180000, 0x0000000100000000)
  eden space 22016K, 0% used [0x00000000d5580000,0x00000000d5580000,0x00000000d6b00000)
  from space 3584K, 63% used [0x00000000d6b00000,0x00000000d6d38010,0x00000000d6e80000)
  to   space 3072K, 0% used [0x00000000d6e80000,0x00000000d6e80000,0x00000000d7180000)
 ParOldGen       total 68608K, used 57324K [0x0000000080000000, 0x0000000084300000, 0x00000000d5580000)
  object space 68608K, 83% used [0x0000000080000000,0x00000000837fb0a0,0x0000000084300000)
 Metaspace       used 72319K, committed 73856K, reserved 1114112K
  class space    used 8996K, committed 9664K, reserved 1048576K
}
Event: 6885.205 GC heap before
{Heap before GC invocations=55 (full 3):
 PSYoungGen      total 25600K, used 24288K [0x00000000d5580000, 0x00000000d7180000, 0x0000000100000000)
  eden space 22016K, 100% used [0x00000000d5580000,0x00000000d6b00000,0x00000000d6b00000)
  from space 3584K, 63% used [0x00000000d6b00000,0x00000000d6d38010,0x00000000d6e80000)
  to   space 3072K, 0% used [0x00000000d6e80000,0x00000000d6e80000,0x00000000d7180000)
 ParOldGen       total 68608K, used 57324K [0x0000000080000000, 0x0000000084300000, 0x00000000d5580000)
  object space 68608K, 83% used [0x0000000080000000,0x00000000837fb0a0,0x0000000084300000)
 Metaspace       used 72334K, committed 73856K, reserved 1114112K
  class space    used 8996K, committed 9664K, reserved 1048576K
}
Event: 6885.209 GC heap after
{Heap after GC invocations=55 (full 3):
 PSYoungGen      total 24576K, used 2372K [0x00000000d5580000, 0x00000000d7100000, 0x0000000100000000)
  eden space 22016K, 0% used [0x00000000d5580000,0x00000000d5580000,0x00000000d6b00000)
  from space 2560K, 92% used [0x00000000d6e80000,0x00000000d70d1000,0x00000000d7100000)
  to   space 2560K, 0% used [0x00000000d6c00000,0x00000000d6c00000,0x00000000d6e80000)
 ParOldGen       total 68608K, used 59364K [0x0000000080000000, 0x0000000084300000, 0x00000000d5580000)
  object space 68608K, 86% used [0x0000000080000000,0x00000000839f90b0,0x0000000084300000)
 Metaspace       used 72334K, committed 73856K, reserved 1114112K
  class space    used 8996K, committed 9664K, reserved 1048576K
}
Event: 6885.265 GC heap before
{Heap before GC invocations=56 (full 3):
 PSYoungGen      total 24576K, used 24388K [0x00000000d5580000, 0x00000000d7100000, 0x0000000100000000)
  eden space 22016K, 100% used [0x00000000d5580000,0x00000000d6b00000,0x00000000d6b00000)
  from space 2560K, 92% used [0x00000000d6e80000,0x00000000d70d1000,0x00000000d7100000)
  to   space 2560K, 0% used [0x00000000d6c00000,0x00000000d6c00000,0x00000000d6e80000)
 ParOldGen       total 68608K, used 59364K [0x0000000080000000, 0x0000000084300000, 0x00000000d5580000)
  object space 68608K, 86% used [0x0000000080000000,0x00000000839f90b0,0x0000000084300000)
 Metaspace       used 72338K, committed 73856K, reserved 1114112K
  class space    used 8996K, committed 9664K, reserved 1048576K
}
Event: 6885.269 GC heap after
{Heap after GC invocations=56 (full 3):
 PSYoungGen      total 24576K, used 2304K [0x00000000d5580000, 0x00000000d7000000, 0x0000000100000000)
  eden space 22016K, 0% used [0x00000000d5580000,0x00000000d5580000,0x00000000d6b00000)
  from space 2560K, 90% used [0x00000000d6c00000,0x00000000d6e40010,0x00000000d6e80000)
  to   space 1536K, 0% used [0x00000000d6e80000,0x00000000d6e80000,0x00000000d7000000)
 ParOldGen       total 68608K, used 61568K [0x0000000080000000, 0x0000000084300000, 0x00000000d5580000)
  object space 68608K, 89% used [0x0000000080000000,0x0000000083c20088,0x0000000084300000)
 Metaspace       used 72338K, committed 73856K, reserved 1114112K
  class space    used 8996K, committed 9664K, reserved 1048576K
}
Event: 6885.438 GC heap before
{Heap before GC invocations=57 (full 3):
 PSYoungGen      total 24576K, used 24320K [0x00000000d5580000, 0x00000000d7000000, 0x0000000100000000)
  eden space 22016K, 100% used [0x00000000d5580000,0x00000000d6b00000,0x00000000d6b00000)
  from space 2560K, 90% used [0x00000000d6c00000,0x00000000d6e40010,0x00000000d6e80000)
  to   space 1536K, 0% used [0x00000000d6e80000,0x00000000d6e80000,0x00000000d7000000)
 ParOldGen       total 68608K, used 61568K [0x0000000080000000, 0x0000000084300000, 0x00000000d5580000)
  object space 68608K, 89% used [0x0000000080000000,0x0000000083c20088,0x0000000084300000)
 Metaspace       used 72391K, committed 73920K, reserved 1114112K
  class space    used 8998K, committed 9664K, reserved 1048576K
}
Event: 6885.441 GC heap after
{Heap after GC invocations=57 (full 3):
 PSYoungGen      total 22528K, used 1536K [0x00000000d5580000, 0x00000000d7400000, 0x0000000100000000)
  eden space 20992K, 0% used [0x00000000d5580000,0x00000000d5580000,0x00000000d6a00000)
  from space 1536K, 100% used [0x00000000d6e80000,0x00000000d7000000,0x00000000d7000000)
  to   space 4608K, 0% used [0x00000000d6a00000,0x00000000d6a00000,0x00000000d6e80000)
 ParOldGen       total 68608K, used 63952K [0x0000000080000000, 0x0000000084300000, 0x00000000d5580000)
  object space 68608K, 93% used [0x0000000080000000,0x0000000083e74298,0x0000000084300000)
 Metaspace       used 72391K, committed 73920K, reserved 1114112K
  class space    used 8998K, committed 9664K, reserved 1048576K
}
Event: 6885.649 GC heap before
{Heap before GC invocations=58 (full 3):
 PSYoungGen      total 22528K, used 22528K [0x00000000d5580000, 0x00000000d7400000, 0x0000000100000000)
  eden space 20992K, 100% used [0x00000000d5580000,0x00000000d6a00000,0x00000000d6a00000)
  from space 1536K, 100% used [0x00000000d6e80000,0x00000000d7000000,0x00000000d7000000)
  to   space 4608K, 0% used [0x00000000d6a00000,0x00000000d6a00000,0x00000000d6e80000)
 ParOldGen       total 68608K, used 63952K [0x0000000080000000, 0x0000000084300000, 0x00000000d5580000)
  object space 68608K, 93% used [0x0000000080000000,0x0000000083e74298,0x0000000084300000)
 Metaspace       used 73075K, committed 74560K, reserved 1179648K
  class space    used 9045K, committed 9664K, reserved 1048576K
}
Event: 6885.653 GC heap after
{Heap after GC invocations=58 (full 3):
 PSYoungGen      total 24576K, used 3545K [0x00000000d5580000, 0x00000000d7200000, 0x0000000100000000)
  eden space 20992K, 0% used [0x00000000d5580000,0x00000000d5580000,0x00000000d6a00000)
  from space 3584K, 98% used [0x00000000d6a00000,0x00000000d6d76620,0x00000000d6d80000)
  to   space 4096K, 0% used [0x00000000d6e00000,0x00000000d6e00000,0x00000000d7200000)
 ParOldGen       total 68608K, used 65536K [0x0000000080000000, 0x0000000084300000, 0x00000000d5580000)
  object space 68608K, 95% used [0x0000000080000000,0x0000000084000298,0x0000000084300000)
 Metaspace       used 73075K, committed 74560K, reserved 1179648K
  class space    used 9045K, committed 9664K, reserved 1048576K
}
Event: 6886.284 GC heap before
{Heap before GC invocations=59 (full 3):
 PSYoungGen      total 24576K, used 24537K [0x00000000d5580000, 0x00000000d7200000, 0x0000000100000000)
  eden space 20992K, 100% used [0x00000000d5580000,0x00000000d6a00000,0x00000000d6a00000)
  from space 3584K, 98% used [0x00000000d6a00000,0x00000000d6d76620,0x00000000d6d80000)
  to   space 4096K, 0% used [0x00000000d6e00000,0x00000000d6e00000,0x00000000d7200000)
 ParOldGen       total 68608K, used 65536K [0x0000000080000000, 0x0000000084300000, 0x00000000d5580000)
  object space 68608K, 95% used [0x0000000080000000,0x0000000084000298,0x0000000084300000)
 Metaspace       used 74801K, committed 76224K, reserved 1179648K
  class space    used 9244K, committed 9856K, reserved 1048576K
}
Event: 6886.288 GC heap after
{Heap after GC invocations=59 (full 3):
 PSYoungGen      total 24064K, used 2569K [0x00000000d5580000, 0x00000000d7100000, 0x0000000100000000)
  eden space 20992K, 0% used [0x00000000d5580000,0x00000000d5580000,0x00000000d6a00000)
  from space 3072K, 83% used [0x00000000d6e00000,0x00000000d7082438,0x00000000d7100000)
  to   space 3072K, 0% used [0x00000000d6b00000,0x00000000d6b00000,0x00000000d6e00000)
 ParOldGen       total 69120K, used 68869K [0x0000000080000000, 0x0000000084380000, 0x00000000d5580000)
  object space 69120K, 99% used [0x0000000080000000,0x0000000084341528,0x0000000084380000)
 Metaspace       used 74801K, committed 76224K, reserved 1179648K
  class space    used 9244K, committed 9856K, reserved 1048576K
}
Event: 6886.480 GC heap before
{Heap before GC invocations=60 (full 3):
 PSYoungGen      total 24064K, used 23561K [0x00000000d5580000, 0x00000000d7100000, 0x0000000100000000)
  eden space 20992K, 100% used [0x00000000d5580000,0x00000000d6a00000,0x00000000d6a00000)
  from space 3072K, 83% used [0x00000000d6e00000,0x00000000d7082438,0x00000000d7100000)
  to   space 3072K, 0% used [0x00000000d6b00000,0x00000000d6b00000,0x00000000d6e00000)
 ParOldGen       total 69120K, used 68869K [0x0000000080000000, 0x0000000084380000, 0x00000000d5580000)
  object space 69120K, 99% used [0x0000000080000000,0x0000000084341528,0x0000000084380000)
 Metaspace       used 74824K, committed 76352K, reserved 1179648K
  class space    used 9244K, committed 9856K, reserved 1048576K
}
Event: 6886.482 GC heap after
{Heap after GC invocations=60 (full 3):
 PSYoungGen      total 22016K, used 681K [0x00000000d5580000, 0x00000000d6e80000, 0x0000000100000000)
  eden space 20992K, 0% used [0x00000000d5580000,0x00000000d5580000,0x00000000d6a00000)
  from space 1024K, 66% used [0x00000000d6b00000,0x00000000d6baa730,0x00000000d6c00000)
  to   space 1536K, 0% used [0x00000000d6d00000,0x00000000d6d00000,0x00000000d6e80000)
 ParOldGen       total 70656K, used 70489K [0x0000000080000000, 0x0000000084500000, 0x00000000d5580000)
  object space 70656K, 99% used [0x0000000080000000,0x00000000844d64b0,0x0000000084500000)
 Metaspace       used 74824K, committed 76352K, reserved 1179648K
  class space    used 9244K, committed 9856K, reserved 1048576K
}
Event: 6886.903 GC heap before
{Heap before GC invocations=61 (full 3):
 PSYoungGen      total 22016K, used 21673K [0x00000000d5580000, 0x00000000d6e80000, 0x0000000100000000)
  eden space 20992K, 100% used [0x00000000d5580000,0x00000000d6a00000,0x00000000d6a00000)
  from space 1024K, 66% used [0x00000000d6b00000,0x00000000d6baa730,0x00000000d6c00000)
  to   space 1536K, 0% used [0x00000000d6d00000,0x00000000d6d00000,0x00000000d6e80000)
 ParOldGen       total 70656K, used 70489K [0x0000000080000000, 0x0000000084500000, 0x00000000d5580000)
  object space 70656K, 99% used [0x0000000080000000,0x00000000844d64b0,0x0000000084500000)
 Metaspace       used 76097K, committed 77632K, reserved 1179648K
  class space    used 9391K, committed 10048K, reserved 1048576K
}
Event: 6886.904 GC heap after
{Heap after GC invocations=61 (full 3):
 PSYoungGen      total 22016K, used 512K [0x00000000d5580000, 0x00000000d6e00000, 0x0000000100000000)
  eden space 20992K, 0% used [0x00000000d5580000,0x00000000d5580000,0x00000000d6a00000)
  from space 1024K, 50% used [0x00000000d6d00000,0x00000000d6d80010,0x00000000d6e00000)
  to   space 1024K, 0% used [0x00000000d6b00000,0x00000000d6b00000,0x00000000d6c00000)
 ParOldGen       total 70656K, used 70521K [0x0000000080000000, 0x0000000084500000, 0x00000000d5580000)
  object space 70656K, 99% used [0x0000000080000000,0x00000000844de4b0,0x0000000084500000)
 Metaspace       used 76097K, committed 77632K, reserved 1179648K
  class space    used 9391K, committed 10048K, reserved 1048576K
}
Event: 6887.444 GC heap before
{Heap before GC invocations=62 (full 3):
 PSYoungGen      total 22016K, used 21504K [0x00000000d5580000, 0x00000000d6e00000, 0x0000000100000000)
  eden space 20992K, 100% used [0x00000000d5580000,0x00000000d6a00000,0x00000000d6a00000)
  from space 1024K, 50% used [0x00000000d6d00000,0x00000000d6d80010,0x00000000d6e00000)
  to   space 1024K, 0% used [0x00000000d6b00000,0x00000000d6b00000,0x00000000d6c00000)
 ParOldGen       total 70656K, used 70521K [0x0000000080000000, 0x0000000084500000, 0x00000000d5580000)
  object space 70656K, 99% used [0x0000000080000000,0x00000000844de4b0,0x0000000084500000)
 Metaspace       used 77449K, committed 78976K, reserved 1179648K
  class space    used 9517K, committed 10176K, reserved 1048576K
}
Event: 6887.445 GC heap after
{Heap after GC invocations=62 (full 3):
 PSYoungGen      total 22016K, used 608K [0x00000000d5580000, 0x00000000d6d80000, 0x0000000100000000)
  eden space 20992K, 0% used [0x00000000d5580000,0x00000000d5580000,0x00000000d6a00000)
  from space 1024K, 59% used [0x00000000d6b00000,0x00000000d6b98000,0x00000000d6c00000)
  to   space 1024K, 0% used [0x00000000d6c80000,0x00000000d6c80000,0x00000000d6d80000)
 ParOldGen       total 71168K, used 70657K [0x0000000080000000, 0x0000000084580000, 0x00000000d5580000)
  object space 71168K, 99% used [0x0000000080000000,0x00000000845004b0,0x0000000084580000)
 Metaspace       used 77449K, committed 78976K, reserved 1179648K
  class space    used 9517K, committed 10176K, reserved 1048576K
}

